  main.cpp
C:\Users\gianl\Documents\GitHub\A-SPASSO-TRA-GLI-UNIVERSI\Assimp, Hello World!\shader_m.h(56,36): warning C4101: 'e': variabile locale senza riferimenti
C:\Users\gianl\Documents\GitHub\A-SPASSO-TRA-GLI-UNIVERSI\Assimp, Hello World!\mesh.h(90,1): warning C4267: 'argomento': conversione da 'size_t' a 'GLsizei'. Possibile perdita di dati.
C:\Users\gianl\Documents\GitHub\A-SPASSO-TRA-GLI-UNIVERSI\Assimp, Hello World!\bone.h(45,20): warning C4244: 'inizializzazione': conversione da 'double' a 'float'. Possibile perdita di dati.
C:\Users\gianl\Documents\GitHub\A-SPASSO-TRA-GLI-UNIVERSI\Assimp, Hello World!\bone.h(56,20): warning C4244: 'inizializzazione': conversione da 'double' a 'float'. Possibile perdita di dati.
C:\Users\gianl\Documents\GitHub\A-SPASSO-TRA-GLI-UNIVERSI\Assimp, Hello World!\bone.h(67,20): warning C4244: 'inizializzazione': conversione da 'double' a 'float'. Possibile perdita di dati.
C:\Users\gianl\Documents\GitHub\A-SPASSO-TRA-GLI-UNIVERSI\Assimp, Hello World!\animation.h(34,25): warning C4244: '=': conversione da 'double' a 'float'. Possibile perdita di dati.
C:\Users\gianl\Documents\GitHub\A-SPASSO-TRA-GLI-UNIVERSI\Assimp, Hello World!\animation.h(35,31): warning C4244: '=': conversione da 'double' a 'int'. Possibile perdita di dati.
C:\Users\gianl\Documents\GitHub\A-SPASSO-TRA-GLI-UNIVERSI\Assimp, Hello World!\animation.h(59,44): warning C4244: 'return': conversione da 'int' a 'float'. Possibile perdita di dati.
C:\Users\gianl\Documents\GitHub\A-SPASSO-TRA-GLI-UNIVERSI\Assimp, Hello World!\animation.h(101,21): warning C4018: '<': errata corrispondenza tra signed e unsigned
C:\Users\gianl\Documents\GitHub\A-SPASSO-TRA-GLI-UNIVERSI\Assimp, Hello World!\main.cpp(172,13): warning C4244: 'inizializzazione': conversione da 'double' a 'float'. Possibile perdita di dati.
C:\Users\gianl\Documents\GitHub\A-SPASSO-TRA-GLI-UNIVERSI\Assimp, Hello World!\main.cpp(173,13): warning C4244: 'inizializzazione': conversione da 'double' a 'float'. Possibile perdita di dati.
C:\Users\gianl\Documents\GitHub\A-SPASSO-TRA-GLI-UNIVERSI\Assimp, Hello World!\main.cpp(248,39): warning C4305: 'inizializzazione': troncamento da 'double' a 'float'
C:\Users\gianl\Documents\GitHub\A-SPASSO-TRA-GLI-UNIVERSI\Assimp, Hello World!\main.cpp(285,36): warning C4267: '=': conversione da 'size_t' a 'unsigned int'. Possibile perdita di dati.
C:\Users\gianl\Documents\GitHub\A-SPASSO-TRA-GLI-UNIVERSI\Assimp, Hello World!\main.cpp(347,22): warning C4244: 'argomento': conversione da 'double' a 'unsigned int'. Possibile perdita di dati.
C:\Users\gianl\Documents\GitHub\A-SPASSO-TRA-GLI-UNIVERSI\Assimp, Hello World!\main.cpp(364,21): warning C4244: 'inizializzazione': conversione da 'double' a 'float'. Possibile perdita di dati.
C:\Users\gianl\Documents\GitHub\A-SPASSO-TRA-GLI-UNIVERSI\Assimp, Hello World!\main.cpp(368,24): warning C4244: 'inizializzazione': conversione da 'int' a 'float'. Possibile perdita di dati.
C:\Users\gianl\Documents\GitHub\A-SPASSO-TRA-GLI-UNIVERSI\Assimp, Hello World!\main.cpp(434,19): warning C4244: 'inizializzazione': conversione da 'double' a 'float'. Possibile perdita di dati.
C:\Users\gianl\Documents\GitHub\A-SPASSO-TRA-GLI-UNIVERSI\Assimp, Hello World!\main.cpp(440,20): warning C4244: 'inizializzazione': conversione da 'double' a 'float'. Possibile perdita di dati.
C:\Users\gianl\Documents\GitHub\A-SPASSO-TRA-GLI-UNIVERSI\Assimp, Hello World!\main.cpp(466,28): warning C4244: 'inizializzazione': conversione da 'double' a 'float'. Possibile perdita di dati.
C:\Users\gianl\Documents\GitHub\A-SPASSO-TRA-GLI-UNIVERSI\Assimp, Hello World!\main.cpp(1064,37): warning C4305: 'inizializzazione': troncamento da 'double' a 'float'
C:\Users\gianl\Documents\GitHub\A-SPASSO-TRA-GLI-UNIVERSI\Assimp, Hello World!\main.cpp(1065,40): warning C4305: 'inizializzazione': troncamento da 'double' a 'float'
C:\Users\gianl\Documents\GitHub\A-SPASSO-TRA-GLI-UNIVERSI\Assimp, Hello World!\main.cpp(1209,19): warning C4244: 'inizializzazione': conversione da 'double' a 'float'. Possibile perdita di dati.
C:\Users\gianl\Documents\GitHub\A-SPASSO-TRA-GLI-UNIVERSI\Assimp, Hello World!\main.cpp(1215,20): warning C4244: 'inizializzazione': conversione da 'double' a 'float'. Possibile perdita di dati.
C:\Users\gianl\Documents\GitHub\A-SPASSO-TRA-GLI-UNIVERSI\Assimp, Hello World!\main.cpp(1242,28): warning C4244: 'inizializzazione': conversione da 'double' a 'float'. Possibile perdita di dati.
C:\Users\gianl\Documents\GitHub\A-SPASSO-TRA-GLI-UNIVERSI\Assimp, Hello World!\main.cpp(1851,37): warning C4305: 'inizializzazione': troncamento da 'double' a 'float'
C:\Users\gianl\Documents\GitHub\A-SPASSO-TRA-GLI-UNIVERSI\Assimp, Hello World!\main.cpp(1852,40): warning C4305: 'inizializzazione': troncamento da 'double' a 'float'
C:\Users\gianl\Documents\GitHub\A-SPASSO-TRA-GLI-UNIVERSI\Assimp, Hello World!\main.cpp(1982,19): warning C4244: 'inizializzazione': conversione da 'double' a 'float'. Possibile perdita di dati.
C:\Users\gianl\Documents\GitHub\A-SPASSO-TRA-GLI-UNIVERSI\Assimp, Hello World!\main.cpp(1988,20): warning C4244: 'inizializzazione': conversione da 'double' a 'float'. Possibile perdita di dati.
C:\Users\gianl\Documents\GitHub\A-SPASSO-TRA-GLI-UNIVERSI\Assimp, Hello World!\main.cpp(2016,28): warning C4244: 'inizializzazione': conversione da 'double' a 'float'. Possibile perdita di dati.
C:\Users\gianl\Documents\GitHub\A-SPASSO-TRA-GLI-UNIVERSI\Assimp, Hello World!\main.cpp(2294,37): warning C4305: 'inizializzazione': troncamento da 'double' a 'float'
C:\Users\gianl\Documents\GitHub\A-SPASSO-TRA-GLI-UNIVERSI\Assimp, Hello World!\main.cpp(2295,40): warning C4305: 'inizializzazione': troncamento da 'double' a 'float'
C:\Users\gianl\Documents\GitHub\A-SPASSO-TRA-GLI-UNIVERSI\Assimp, Hello World!\main.cpp(2421,20): warning C4244: 'inizializzazione': conversione da 'double' a 'float'. Possibile perdita di dati.
C:\Users\gianl\Documents\GitHub\A-SPASSO-TRA-GLI-UNIVERSI\Assimp, Hello World!\main.cpp(2422,20): warning C4244: 'inizializzazione': conversione da 'double' a 'float'. Possibile perdita di dati.
C:\Users\gianl\Documents\GitHub\A-SPASSO-TRA-GLI-UNIVERSI\Assimp, Hello World!\main.cpp(2423,20): warning C4244: 'inizializzazione': conversione da 'double' a 'float'. Possibile perdita di dati.
C:\Users\gianl\Documents\GitHub\A-SPASSO-TRA-GLI-UNIVERSI\Assimp, Hello World!\main.cpp(2443,22): warning C4244: 'inizializzazione': conversione da 'double' a 'float'. Possibile perdita di dati.
C:\Users\gianl\Documents\GitHub\A-SPASSO-TRA-GLI-UNIVERSI\Assimp, Hello World!\main.cpp(2444,22): warning C4244: 'inizializzazione': conversione da 'double' a 'float'. Possibile perdita di dati.
C:\Users\gianl\Documents\GitHub\A-SPASSO-TRA-GLI-UNIVERSI\Assimp, Hello World!\main.cpp(2445,22): warning C4244: 'inizializzazione': conversione da 'double' a 'float'. Possibile perdita di dati.
C:\Users\gianl\Documents\GitHub\A-SPASSO-TRA-GLI-UNIVERSI\Assimp, Hello World!\main.cpp(2483,28): warning C4244: 'inizializzazione': conversione da 'double' a 'float'. Possibile perdita di dati.
C:\Users\gianl\Documents\GitHub\A-SPASSO-TRA-GLI-UNIVERSI\Assimp, Hello World!\main.cpp(2591,37): warning C4305: 'inizializzazione': troncamento da 'double' a 'float'
C:\Users\gianl\Documents\GitHub\A-SPASSO-TRA-GLI-UNIVERSI\Assimp, Hello World!\main.cpp(2592,40): warning C4305: 'inizializzazione': troncamento da 'double' a 'float'
C:\Users\gianl\Documents\GitHub\A-SPASSO-TRA-GLI-UNIVERSI\Assimp, Hello World!\main.cpp(2927,55): warning C4244: 'argomento': conversione da 'double' a 'float'. Possibile perdita di dati.
C:\Users\gianl\Documents\GitHub\A-SPASSO-TRA-GLI-UNIVERSI\Assimp, Hello World!\main.cpp(2929,60): warning C4244: 'argomento': conversione da 'double' a 'float'. Possibile perdita di dati.
C:\Users\gianl\Documents\GitHub\A-SPASSO-TRA-GLI-UNIVERSI\Assimp, Hello World!\main.cpp(2934,56): warning C4244: 'argomento': conversione da 'double' a 'float'. Possibile perdita di dati.
C:\Users\gianl\Documents\GitHub\A-SPASSO-TRA-GLI-UNIVERSI\Assimp, Hello World!\main.cpp(2936,59): warning C4244: 'argomento': conversione da 'double' a 'float'. Possibile perdita di dati.
C:\Users\gianl\Documents\GitHub\A-SPASSO-TRA-GLI-UNIVERSI\Assimp, Hello World!\main.cpp(2941,53): warning C4244: 'argomento': conversione da 'double' a 'float'. Possibile perdita di dati.
C:\Users\gianl\Documents\GitHub\A-SPASSO-TRA-GLI-UNIVERSI\Assimp, Hello World!\main.cpp(2943,56): warning C4244: 'argomento': conversione da 'double' a 'float'. Possibile perdita di dati.
C:\Users\gianl\Documents\GitHub\A-SPASSO-TRA-GLI-UNIVERSI\Assimp, Hello World!\main.cpp(2949,52): warning C4244: 'argomento': conversione da 'double' a 'float'. Possibile perdita di dati.
C:\Users\gianl\Documents\GitHub\A-SPASSO-TRA-GLI-UNIVERSI\Assimp, Hello World!\main.cpp(2951,57): warning C4244: 'argomento': conversione da 'double' a 'float'. Possibile perdita di dati.
C:\Users\gianl\Documents\GitHub\A-SPASSO-TRA-GLI-UNIVERSI\Assimp, Hello World!\main.cpp(3050,17): warning C4244: '=': conversione da 'double' a 'float'. Possibile perdita di dati.
C:\Users\gianl\Documents\GitHub\A-SPASSO-TRA-GLI-UNIVERSI\Assimp, Hello World!\main.cpp(3051,17): warning C4244: '=': conversione da 'double' a 'float'. Possibile perdita di dati.
C:\Users\gianl\Documents\GitHub\A-SPASSO-TRA-GLI-UNIVERSI\Assimp, Hello World!\main.cpp(3055,19): warning C4244: 'inizializzazione': conversione da 'double' a 'float'. Possibile perdita di dati.
C:\Users\gianl\Documents\GitHub\A-SPASSO-TRA-GLI-UNIVERSI\Assimp, Hello World!\main.cpp(3056,19): warning C4244: 'inizializzazione': conversione da 'double' a 'float'. Possibile perdita di dati.
C:\Users\gianl\Documents\GitHub\A-SPASSO-TRA-GLI-UNIVERSI\Assimp, Hello World!\main.cpp(3058,13): warning C4244: '=': conversione da 'double' a 'float'. Possibile perdita di dati.
C:\Users\gianl\Documents\GitHub\A-SPASSO-TRA-GLI-UNIVERSI\Assimp, Hello World!\main.cpp(3059,13): warning C4244: '=': conversione da 'double' a 'float'. Possibile perdita di dati.
C:\Users\gianl\Documents\GitHub\A-SPASSO-TRA-GLI-UNIVERSI\Assimp, Hello World!\render_text.h(131): warning C4715: 'initRenderText': non tutti i percorsi di controllo restituiscono un valore
C:\Users\gianl\Documents\GitHub\A-SPASSO-TRA-GLI-UNIVERSI\Assimp, Hello World!\main.cpp(2706): warning C4715: 'impatto': non tutti i percorsi di controllo restituiscono un valore
freetype.lib(ftinit.obj) : warning LNK4099: impossibile trovare il PDB '' con 'freetype.lib(ftinit.obj)' o in ''; oggetto collegato senza informazioni di debug
freetype.lib(ftbase.obj) : warning LNK4099: impossibile trovare il PDB '' con 'freetype.lib(ftbase.obj)' o in ''; oggetto collegato senza informazioni di debug
freetype.lib(autofit.obj) : warning LNK4099: impossibile trovare il PDB '' con 'freetype.lib(autofit.obj)' o in ''; oggetto collegato senza informazioni di debug
freetype.lib(truetype.obj) : warning LNK4099: impossibile trovare il PDB '' con 'freetype.lib(truetype.obj)' o in ''; oggetto collegato senza informazioni di debug
freetype.lib(type1.obj) : warning LNK4099: impossibile trovare il PDB '' con 'freetype.lib(type1.obj)' o in ''; oggetto collegato senza informazioni di debug
freetype.lib(cff.obj) : warning LNK4099: impossibile trovare il PDB '' con 'freetype.lib(cff.obj)' o in ''; oggetto collegato senza informazioni di debug
freetype.lib(type1cid.obj) : warning LNK4099: impossibile trovare il PDB '' con 'freetype.lib(type1cid.obj)' o in ''; oggetto collegato senza informazioni di debug
freetype.lib(pfr.obj) : warning LNK4099: impossibile trovare il PDB '' con 'freetype.lib(pfr.obj)' o in ''; oggetto collegato senza informazioni di debug
freetype.lib(type42.obj) : warning LNK4099: impossibile trovare il PDB '' con 'freetype.lib(type42.obj)' o in ''; oggetto collegato senza informazioni di debug
freetype.lib(winfnt.obj) : warning LNK4099: impossibile trovare il PDB '' con 'freetype.lib(winfnt.obj)' o in ''; oggetto collegato senza informazioni di debug
freetype.lib(pcf.obj) : warning LNK4099: impossibile trovare il PDB '' con 'freetype.lib(pcf.obj)' o in ''; oggetto collegato senza informazioni di debug
freetype.lib(psaux.obj) : warning LNK4099: impossibile trovare il PDB '' con 'freetype.lib(psaux.obj)' o in ''; oggetto collegato senza informazioni di debug
freetype.lib(psmodule.obj) : warning LNK4099: impossibile trovare il PDB '' con 'freetype.lib(psmodule.obj)' o in ''; oggetto collegato senza informazioni di debug
freetype.lib(pshinter.obj) : warning LNK4099: impossibile trovare il PDB '' con 'freetype.lib(pshinter.obj)' o in ''; oggetto collegato senza informazioni di debug
freetype.lib(raster.obj) : warning LNK4099: impossibile trovare il PDB '' con 'freetype.lib(raster.obj)' o in ''; oggetto collegato senza informazioni di debug
freetype.lib(sfnt.obj) : warning LNK4099: impossibile trovare il PDB '' con 'freetype.lib(sfnt.obj)' o in ''; oggetto collegato senza informazioni di debug
freetype.lib(smooth.obj) : warning LNK4099: impossibile trovare il PDB '' con 'freetype.lib(smooth.obj)' o in ''; oggetto collegato senza informazioni di debug
freetype.lib(bdf.obj) : warning LNK4099: impossibile trovare il PDB '' con 'freetype.lib(bdf.obj)' o in ''; oggetto collegato senza informazioni di debug
freetype.lib(ftsystem.obj) : warning LNK4099: impossibile trovare il PDB '' con 'freetype.lib(ftsystem.obj)' o in ''; oggetto collegato senza informazioni di debug
freetype.lib(ftgzip.obj) : warning LNK4099: impossibile trovare il PDB '' con 'freetype.lib(ftgzip.obj)' o in ''; oggetto collegato senza informazioni di debug
freetype.lib(ftlzw.obj) : warning LNK4099: impossibile trovare il PDB '' con 'freetype.lib(ftlzw.obj)' o in ''; oggetto collegato senza informazioni di debug
freetype.lib(ftbitmap.obj) : warning LNK4099: impossibile trovare il PDB '' con 'freetype.lib(ftbitmap.obj)' o in ''; oggetto collegato senza informazioni di debug
freetype.lib(ftdebug.obj) : warning LNK4099: impossibile trovare il PDB '' con 'freetype.lib(ftdebug.obj)' o in ''; oggetto collegato senza informazioni di debug
LINK : warning LNK4098: la libreria predefinita 'LIBCMT' è in conflitto con l'utilizzo di altre librerie; usare /NODEFAULTLIB:libreria
  Assimp, Hello World!.vcxproj -> C:\Users\gianl\Documents\GitHub\A-SPASSO-TRA-GLI-UNIVERSI\x64\Debug\Deferred Shading Volumes.exe
          1 file copiati.
